<?xml version="1.0" encoding="utf-8"?><testsuites name="pytest tests"><testsuite name="pytest" errors="0" failures="0" skipped="2" tests="10" time="792.010" timestamp="2026-05-11T16:20:18.291203+00:00" hostname="agent-env-0868d084-8f23-4d8a-aef5-ecfb91220876"><testcase classname="tests.test_eduscanner_cancel_delete.TestDocumentCancel" name="test_cancel_processing_then_not_overwritten" time="95.867" /><testcase classname="tests.test_eduscanner_cancel_delete.TestDocumentCancel" name="test_cancel_ready_doc_400" time="46.635" /><testcase classname="tests.test_eduscanner_cancel_delete.TestDocumentCancel" name="test_cancel_nonexistent_doc_404" time="0.073" /><testcase classname="tests.test_eduscanner_cancel_delete.TestDocumentDelete" name="test_delete_nonexistent_404" time="0.066" /><testcase classname="tests.test_eduscanner_cancel_delete.TestDocumentDelete" name="test_delete_ready_doc_then_404" time="166.965" /><testcase classname="tests.test_eduscanner_cancel_delete.TestQuizCancelDelete" name="test_quiz_cancel_and_not_overwritten" time="117.120" /><testcase classname="tests.test_eduscanner_cancel_delete.TestQuizCancelDelete" name="test_quiz_delete_nonexistent_404" time="0.080" /><testcase classname="tests.test_eduscanner_cancel_delete.TestResultAndCascade" name="test_full_cascade_delete" time="183.053"><skipped type="pytest.skip" message="Doc not ready">/app/backend/tests/test_eduscanner_cancel_delete.py:171: Doc not ready</skipped></testcase><testcase classname="tests.test_eduscanner_cancel_delete.TestResultAndCascade" name="test_result_delete_only_removes_result" time="182.011"><skipped type="pytest.skip" message="doc not ready">/app/backend/tests/test_eduscanner_cancel_delete.py:216: doc not ready</skipped></testcase><testcase classname="tests.test_eduscanner_cancel_delete.TestResultAndCascade" name="test_result_delete_nonexistent_404" time="0.078" /></testsuite></testsuites>