<?xml version="1.0" encoding="utf-8"?><testsuites name="pytest tests"><testsuite name="pytest" errors="0" failures="0" skipped="0" tests="10" time="568.093" timestamp="2026-05-11T15:45:55.570261+00:00" hostname="agent-env-0868d084-8f23-4d8a-aef5-ecfb91220876"><testcase classname="tests.test_eduscanner_cancel_delete.TestDocumentCancel" name="test_cancel_processing_then_not_overwritten" time="96.843" /><testcase classname="tests.test_eduscanner_cancel_delete.TestDocumentCancel" name="test_cancel_ready_doc_400" time="59.619" /><testcase classname="tests.test_eduscanner_cancel_delete.TestDocumentCancel" name="test_cancel_nonexistent_doc_404" time="0.083" /><testcase classname="tests.test_eduscanner_cancel_delete.TestDocumentDelete" name="test_delete_nonexistent_404" time="0.086" /><testcase classname="tests.test_eduscanner_cancel_delete.TestDocumentDelete" name="test_delete_ready_doc_then_404" time="109.510" /><testcase classname="tests.test_eduscanner_cancel_delete.TestQuizCancelDelete" name="test_quiz_cancel_and_not_overwritten" time="101.458" /><testcase classname="tests.test_eduscanner_cancel_delete.TestQuizCancelDelete" name="test_quiz_delete_nonexistent_404" time="0.077" /><testcase classname="tests.test_eduscanner_cancel_delete.TestResultAndCascade" name="test_full_cascade_delete" time="96.385" /><testcase classname="tests.test_eduscanner_cancel_delete.TestResultAndCascade" name="test_result_delete_only_removes_result" time="103.499" /><testcase classname="tests.test_eduscanner_cancel_delete.TestResultAndCascade" name="test_result_delete_nonexistent_404" time="0.315" /></testsuite></testsuites>