<?xml version="1.0" encoding="utf-8"?><testsuites name="pytest tests"><testsuite name="pytest" errors="0" failures="0" skipped="0" tests="19" time="71.346" timestamp="2026-05-11T15:32:28.229274+00:00" hostname="agent-env-0868d084-8f23-4d8a-aef5-ecfb91220876"><testcase classname="backend.tests.test_eduscanner_api.TestAuth" name="test_auth_session_missing_id" time="0.366" /><testcase classname="backend.tests.test_eduscanner_api.TestAuth" name="test_auth_session_invalid_id" time="0.333" /><testcase classname="backend.tests.test_eduscanner_api.TestAuth" name="test_auth_me_without_token" time="0.185" /><testcase classname="backend.tests.test_eduscanner_api.TestAuth" name="test_documents_requires_auth" time="0.198" /><testcase classname="backend.tests.test_eduscanner_api.TestAuth" name="test_progress_requires_auth" time="0.202" /><testcase classname="backend.tests.test_eduscanner_api.TestAuth" name="test_audit_logs_requires_auth" time="0.171" /><testcase classname="backend.tests.test_eduscanner_api.TestAuth" name="test_auth_me_with_valid_bearer" time="0.210" /><testcase classname="backend.tests.test_eduscanner_api.TestProfile" name="test_update_profile_universitas" time="0.184" /><testcase classname="backend.tests.test_eduscanner_api.TestProfile" name="test_update_profile_sd_no_major" time="0.185" /><testcase classname="backend.tests.test_eduscanner_api.TestDocumentsList" name="test_documents_empty" time="0.071" /><testcase classname="backend.tests.test_eduscanner_api.TestDocumentUpload" name="test_upload_returns_immediately_then_ready" time="55.793" /><testcase classname="backend.tests.test_eduscanner_api.TestDocumentUpload" name="test_documents_list_after_upload" time="0.076" /><testcase classname="backend.tests.test_eduscanner_api.TestQuiz" name="test_quiz_generate_returns_immediately_then_ready" time="6.296" /><testcase classname="backend.tests.test_eduscanner_api.TestQuiz" name="test_quiz_generate_nonexistent_doc_404" time="0.076" /><testcase classname="backend.tests.test_eduscanner_api.TestQuiz" name="test_quiz_submit_on_processing_quiz_400" time="0.080" /><testcase classname="backend.tests.test_eduscanner_api.TestQuiz" name="test_quiz_submit_returns_immediately_then_ready" time="6.326" /><testcase classname="backend.tests.test_eduscanner_api.TestAuditAndProgress" name="test_audit_logs_format" time="0.073" /><testcase classname="backend.tests.test_eduscanner_api.TestAuditAndProgress" name="test_progress_endpoint" time="0.079" /><testcase classname="backend.tests.test_eduscanner_api.TestZLogout" name="test_logout_invalidates_session" time="0.372" /></testsuite></testsuites>