<?xml version="1.0" encoding="utf-8"?><testsuites name="pytest tests"><testsuite name="pytest" errors="0" failures="1" skipped="0" tests="17" time="188.110" timestamp="2026-05-11T15:13:37.709222+00:00" hostname="agent-env-0868d084-8f23-4d8a-aef5-ecfb91220876"><testcase classname="backend.tests.test_eduscanner_api.TestAuth" name="test_auth_session_missing_id" time="0.249" /><testcase classname="backend.tests.test_eduscanner_api.TestAuth" name="test_auth_session_invalid_id" time="0.384" /><testcase classname="backend.tests.test_eduscanner_api.TestAuth" name="test_auth_me_without_token" time="0.200" /><testcase classname="backend.tests.test_eduscanner_api.TestAuth" name="test_documents_requires_auth" time="0.162" /><testcase classname="backend.tests.test_eduscanner_api.TestAuth" name="test_progress_requires_auth" time="0.204" /><testcase classname="backend.tests.test_eduscanner_api.TestAuth" name="test_audit_logs_requires_auth" time="0.319" /><testcase classname="backend.tests.test_eduscanner_api.TestAuth" name="test_auth_me_with_valid_bearer" time="0.363" /><testcase classname="backend.tests.test_eduscanner_api.TestProfile" name="test_update_profile_universitas" time="0.162" /><testcase classname="backend.tests.test_eduscanner_api.TestProfile" name="test_update_profile_sd_no_major" time="0.160" /><testcase classname="backend.tests.test_eduscanner_api.TestDocumentsList" name="test_documents_empty" time="0.068" /><testcase classname="backend.tests.test_eduscanner_api.TestDocumentUpload" name="test_upload_pdf_and_analyze" time="48.471" /><testcase classname="backend.tests.test_eduscanner_api.TestDocumentUpload" name="test_documents_list_after_upload" time="0.189" /><testcase classname="backend.tests.test_eduscanner_api.TestQuiz" name="test_quiz_generate" time="55.012" /><testcase classname="backend.tests.test_eduscanner_api.TestQuiz" name="test_quiz_submit_and_result" time="60.137"><failure message="AssertionError: The preview environment is not responding. It may be starting up.&#10;  &#10;assert 502 == 200&#10; +  where 502 = &lt;Response [502]&gt;.status_code">backend/tests/test_eduscanner_api.py:171: in test_quiz_submit_and_result
    assert r.status_code == 200, r.text
E   AssertionError: The preview environment is not responding. It may be starting up.
E     
E   assert 502 == 200
E    +  where 502 = &lt;Response [502]&gt;.status_code</failure></testcase><testcase classname="backend.tests.test_eduscanner_api.TestAuditAndProgress" name="test_audit_logs_format" time="20.991" /><testcase classname="backend.tests.test_eduscanner_api.TestAuditAndProgress" name="test_progress_endpoint" time="0.085" /><testcase classname="backend.tests.test_eduscanner_api.TestZLogout" name="test_logout_invalidates_session" time="0.604" /></testsuite></testsuites>